<?xml version="1.0" encoding="UTF-8"?>
<!-- Generated by org.testng.reporters.JUnitReportReporter -->
<testsuite hostname="LAPTOP-9Q4PB9CG" failures="0" tests="4" name="api.test.UserTests2" time="6.736" errors="0" timestamp="2024-10-07T12:09:44 IST" skipped="0">
  <testcase classname="api.test.UserTests2" name="testPostUser" time="2.553"/>
  <system-out/>
  <testcase classname="api.test.UserTests2" name="testGetUserByName" time="1.057"/>
  <system-out/>
  <testcase classname="api.test.UserTests2" name="testUpdateUserByName" time="2.094"/>
  <system-out/>
  <testcase classname="api.test.UserTests2" name="testDeleteUserByName" time="1.032"/>
  <system-out/>
</testsuite> <!-- api.test.UserTests2 -->
