<?xml version="1.0" encoding="UTF-8"?>
<!-- Generated by org.testng.reporters.JUnitReportReporter -->
<testsuite hostname="LAPTOP-9Q4PB9CG" failures="0" tests="2" name="api.test.DDTest" time="0.000" errors="0" timestamp="2024-10-07T11:07:31 IST" skipped="2">
  <testcase classname="api.test.DDTest" name="testPostUser" time="0.000">
    <skipped/>
  </testcase> <!-- testPostUser -->
  <system-out/>
  <testcase classname="api.test.DDTest" name="testDeleteUsername" time="0.000">
    <skipped/>
  </testcase> <!-- testDeleteUsername -->
  <system-out/>
</testsuite> <!-- api.test.DDTest -->
