<?xml version="1.0" encoding="UTF-8"?>
<!-- Generated by org.testng.reporters.JUnitReportReporter -->
<testsuite hostname="LAPTOP-9Q4PB9CG" failures="0" tests="4" name="api.test.UserTests" time="6.831" errors="0" timestamp="2024-10-07T11:04:25 IST" skipped="0">
  <testcase classname="api.test.UserTests" name="testPostUser" time="2.632"/>
  <system-out/>
  <testcase classname="api.test.UserTests" name="testGetUserByName" time="1.064"/>
  <system-out/>
  <testcase classname="api.test.UserTests" name="testUpdateUserByName" time="2.095"/>
  <system-out/>
  <testcase classname="api.test.UserTests" name="testDeleteUserByName" time="1.040"/>
  <system-out/>
</testsuite> <!-- api.test.UserTests -->
