<?xml version="1.0" encoding="UTF-8"?>
<!-- Generated by org.testng.reporters.JUnitReportReporter -->
<testsuite skipped="2" hostname="LAPTOP-9Q4PB9CG" name="api.test.DDTest" tests="2" failures="0" timestamp="2024-10-07T12:28:31 IST" time="0.000" errors="0">
  <testcase name="testPostUser" time="0.000" classname="api.test.DDTest">
    <skipped/>
  </testcase> <!-- testPostUser -->
  <system-out/>
  <testcase name="testDeleteUsername" time="0.000" classname="api.test.DDTest">
    <skipped/>
  </testcase> <!-- testDeleteUsername -->
  <system-out/>
</testsuite> <!-- api.test.DDTest -->
