<?xml version="1.0" encoding="UTF-8"?>
<!-- Generated by org.testng.reporters.JUnitReportReporter -->
<testsuite skipped="0" hostname="LAPTOP-9Q4PB9CG" name="api.test.UserTests" tests="4" failures="0" timestamp="2024-10-07T12:28:31 IST" time="7.079" errors="0">
  <testcase name="testPostUser" time="2.898" classname="api.test.UserTests"/>
  <system-out/>
  <testcase name="testGetUserByName" time="1.053" classname="api.test.UserTests"/>
  <system-out/>
  <testcase name="testUpdateUserByName" time="2.083" classname="api.test.UserTests"/>
  <system-out/>
  <testcase name="testDeleteUserByName" time="1.045" classname="api.test.UserTests"/>
  <system-out/>
</testsuite> <!-- api.test.UserTests -->
