<?xml version="1.0" encoding="UTF-8"?>
<!-- Generated by org.testng.reporters.JUnitReportReporter -->
<testsuite hostname="LAPTOP-9Q4PB9CG" failures="0" tests="4" name="api.test.UserTests2" time="7.106" errors="0" timestamp="2024-10-07T12:54:38 IST" skipped="0">
  <testcase classname="api.test.UserTests2" name="testPostUser" time="2.866"/>
  <system-out/>
  <testcase classname="api.test.UserTests2" name="testGetUserByName" time="1.066"/>
  <system-out/>
  <testcase classname="api.test.UserTests2" name="testUpdateUserByName" time="2.118"/>
  <system-out/>
  <testcase classname="api.test.UserTests2" name="testDeleteUserByName" time="1.056"/>
  <system-out/>
</testsuite> <!-- api.test.UserTests2 -->
